<?xml version="1.0" encoding="UTF-8"?>
<!-- Generated by org.testng.reporters.JUnitReportReporter -->
<testsuite skipped="0" hostname="DESKTOP-V99HU7G" name="selenium_Practice_BuildCreation.BuildCreationTest" tests="1" failures="0" timestamp="2022-02-01T10:39:06 IST" time="0.026" errors="0">
  <testcase name="BuildCre01" time="0.026" classname="selenium_Practice_BuildCreation.BuildCreationTest"/>
  <system-out/>
</testsuite> <!-- selenium_Practice_BuildCreation.BuildCreationTest -->
